生成启动时间为 6/13/2017 3:02:22 PM。
     1>项目“C:\Users\Roybin\Downloads\cHog\MyTest_Hog\MyTest_Hog.vcxproj”在节点 2 上(Build 个目标)。
     1>ClCompile:
         C:\Program Files (x86)\Microsoft Visual Studio 12.0\VC\bin\x86_amd64\CL.exe /c /ID:\opencv\build\install\instal\include /ID:\opencv\build\install\instal\include /Zi /nologo /W3 /WX- /O2 /Oi /GL /D WIN32 /D NDEBUG /D _CONSOLE /D _UNICODE /D UNICODE /Gm- /EHsc /MD /GS /Gy /fp:precise /Zc:wchar_t /Zc:forScope /Fo"x64\Release\\" /Fd"x64\Release\vc120.pdb" /Gd /TP /errorReport:prompt .\MyTest_Hog.cpp
         MyTest_Hog.cpp
     1>D:\opencv\build\install\install\include\opencv2/core/mat.hpp(1965): warning C4819: 该文件包含不能在当前代码页(936)中表示的字符。请将该文件保存为 Unicode 格式以防止数据丢失
     1>D:\opencv\build\install\install\include\opencv2/core/persistence.hpp : warning C4819: 该文件包含不能在当前代码页(936)中表示的字符。请将该文件保存为 Unicode 格式以防止数据丢失
     1>D:\opencv\build\install\install\include\opencv2/core/utility.hpp : warning C4819: 该文件包含不能在当前代码页(936)中表示的字符。请将该文件保存为 Unicode 格式以防止数据丢失
     1>.\MyTest_Hog.cpp(33): warning C4244: “=”: 从“int”转换到“float”，可能丢失数据
     1>.\MyTest_Hog.cpp(34): warning C4244: “=”: 从“int”转换到“float”，可能丢失数据
     1>.\MyTest_Hog.cpp(49): warning C4553: “==”: 运算符不起任何作用；是否是有意使用“=”的?
     1>.\MyTest_Hog.cpp(53): warning C4553: “==”: 运算符不起任何作用；是否是有意使用“=”的?
     1>.\MyTest_Hog.cpp(59): warning C4244: “=”: 从“double”转换到“float”，可能丢失数据
     1>.\MyTest_Hog.cpp(67): warning C4244: “初始化”: 从“float”转换到“int”，可能丢失数据
     1>.\MyTest_Hog.cpp(91): warning C4244: “=”: 从“double”转换到“float”，可能丢失数据
     1>.\MyTest_Hog.cpp(179): warning C4244: “初始化”: 从“double”转换到“float”，可能丢失数据
     1>.\MyTest_Hog.cpp(181): warning C4244: “=”: 从“float”转换到“int”，可能丢失数据
     1>.\MyTest_Hog.cpp(182): warning C4244: “=”: 从“float”转换到“int”，可能丢失数据
       Link:
         C:\Program Files (x86)\Microsoft Visual Studio 12.0\VC\bin\x86_amd64\link.exe /ERRORREPORT:PROMPT /OUT:"C:\Users\Roybin\Downloads\cHog\MyTest_Hog\x64\Release\MyTest_Hog.exe" /INCREMENTAL:NO /NOLOGO /LIBPATH:D:\opencv\build\install\install\x64\vc12\lib /LIBPATH:D:\opencv\build\install\install\x64\vc12\lib opencv_core310.lib opencv_highgui310.lib opencv_imgproc310.lib /MANIFEST /MANIFESTUAC:"level='asInvoker' uiAccess='false'" /manifest:embed /DEBUG /PDB:"C:\Users\Roybin\Downloads\cHog\MyTest_Hog\x64\Release\MyTest_Hog.pdb" /SUBSYSTEM:CONSOLE /OPT:REF /OPT:ICF /LTCG /TLBID:1 /DYNAMICBASE /NXCOMPAT /IMPLIB:"C:\Users\Roybin\Downloads\cHog\MyTest_Hog\x64\Release\MyTest_Hog.lib" /MACHINE:X64 x64\Release\MyTest_Hog.obj
     1>MyTest_Hog.obj : error LNK2001: 无法解析的外部符号 cvLoadImage
     1>C:\Users\Roybin\Downloads\cHog\MyTest_Hog\x64\Release\MyTest_Hog.exe : fatal error LNK1120: 1 个无法解析的外部命令
     1>已完成生成项目“C:\Users\Roybin\Downloads\cHog\MyTest_Hog\MyTest_Hog.vcxproj”(Build 个目标)的操作 - 失败。

生成失败。

已用时间 00:00:00.85
